<?xml version="1.0" encoding="UTF-8"?>
<!-- Generated by org.testng.reporters.JUnitXMLReporter -->
<testsuite ignored="0" hostname="TYSS-Praveen" failures="0" tests="4" name="Bewakoof Test" time="221.997" errors="0" timestamp="2024-12-25T20:17:43 IST">
  <testcase classname="com.qa.bk.PLPmodule.PLPTest" name="Validate_the_Product_name_on_PLP_and_PDP" time="150.709"/>
  <testcase classname="com.qa.bk.PLPmodule.PLPTest" name="Verify_Product_Data_Integrity_On_PLP_PDP_and_Cart" time="20.425"/>
  <testcase classname="com.qa.bk.PLPmodule.PLPTest" name="Verify_Search_Functionality" time="12.877"/>
  <testcase classname="com.qa.bk.PLPmodule.PLPTest" name="Verify_Sort_Functionality" time="6.33"/>
</testsuite> <!-- Bewakoof Test -->
