<?xml version="1.0" encoding="UTF-8"?>
<!-- Generated by org.testng.reporters.JUnitXMLReporter -->
<testsuite ignored="0" hostname="TYSS-Praveen" failures="0" tests="4" name="BewakoofTest" time="1.353" errors="0" timestamp="2025-01-10T15:09:06 IST">
  <testcase classname="com.qa.bk.genericUtility.BaseClass" name="@BeforeClass setUp" time="1.005">
    <failure type="org.openqa.selenium.SessionNotCreatedException" message="Could not start a new session. Response code 500. Message: An unknown server-side error occurred while processing the command. Original error: Error getting device API level. Original error: Error executing adbExec. Original error: &amp;apos;Command &amp;apos;&amp;apos;C:\\Users\\Praveen B\\AppData\\Local\\Android\\Sdk\\platform-tools\\adb.exe&amp;apos; -P 5037 -s 509ead11022 shell getprop ro.build.version.sdk&amp;apos; exited with code 1&amp;apos;; Command output: adb.exe: device unauthorized.
This adb server&amp;apos;s $ADB_VENDOR_KEYS is not set
Try &amp;apos;adb kill-server&amp;apos; if that seems wrong.
Otherwise check for a confirmation dialog on your device.
 
Host info: host: &amp;apos;TYSS-PRAVEEN&amp;apos;, ip: &amp;apos;192.168.3.106&amp;apos;
Build info: version: &amp;apos;4.8.1&amp;apos;, revision: &amp;apos;8ebccac989&amp;apos;
System info: os.name: &amp;apos;Windows 11&amp;apos;, os.arch: &amp;apos;amd64&amp;apos;, os.version: &amp;apos;10.0&amp;apos;, java.version: &amp;apos;17.0.6&amp;apos;
Driver info: io.appium.java_client.android.AndroidDriver
Command: [null, newSession {capabilities=[{appium:automationName=UiAutomator2, browserName=chrome, appium:chromedriverExecutable=C:\Users\Praveen B\Desktop\chromedriver_win64-131\chromedriver.exe, appium:deviceName=&amp;quot;Redmi Note 12&amp;quot;, goog:chromeOptions={androidPackage=com.android.chrome, args=[--remote-allow-origins=*], extensions=[]}, platformName=ANDROID, appium:platformVersion=12, appium:udid=509ead11022}], desiredCapabilities=Capabilities {automationName: UiAutomator2, browserName: chrome, chromedriverExecutable: C:\Users\Praveen B\Desktop\..., deviceName: &amp;quot;Redmi Note 12&amp;quot;, goog:chromeOptions: {androidPackage: com.android.chrome, args: [--remote-allow-origins=*], extensions: []}, platformName: ANDROID, platformVersion: 12, udid: 509ead11022}}]
Capabilities {automationName: UiAutomator2, browserName: chrome, chromedriverExecutable: C:\Users\Praveen B\Desktop\..., deviceName: &amp;quot;Redmi Note 12&amp;quot;, goog:chromeOptions: {androidPackage: com.android.chrome, args: [--remote-allow-origins=*], extensions: []}, platformName: ANDROID, platformVersion: 12, udid: 509ead11022}">
      <![CDATA[org.openqa.selenium.SessionNotCreatedException: Could not start a new session. Response code 500. Message: An unknown server-side error occurred while processing the command. Original error: Error getting device API level. Original error: Error executing adbExec. Original error: 'Command ''C:\\Users\\Praveen B\\AppData\\Local\\Android\\Sdk\\platform-tools\\adb.exe' -P 5037 -s 509ead11022 shell getprop ro.build.version.sdk' exited with code 1'; Command output: adb.exe: device unauthorized.
This adb server's $ADB_VENDOR_KEYS is not set
Try 'adb kill-server' if that seems wrong.
Otherwise check for a confirmation dialog on your device.
 
Host info: host: 'TYSS-PRAVEEN', ip: '192.168.3.106'
Build info: version: '4.8.1', revision: '8ebccac989'
System info: os.name: 'Windows 11', os.arch: 'amd64', os.version: '10.0', java.version: '17.0.6'
Driver info: io.appium.java_client.android.AndroidDriver
Command: [null, newSession {capabilities=[{appium:automationName=UiAutomator2, browserName=chrome, appium:chromedriverExecutable=C:\Users\Praveen B\Desktop\chromedriver_win64-131\chromedriver.exe, appium:deviceName="Redmi Note 12", goog:chromeOptions={androidPackage=com.android.chrome, args=[--remote-allow-origins=*], extensions=[]}, platformName=ANDROID, appium:platformVersion=12, appium:udid=509ead11022}], desiredCapabilities=Capabilities {automationName: UiAutomator2, browserName: chrome, chromedriverExecutable: C:\Users\Praveen B\Desktop\..., deviceName: "Redmi Note 12", goog:chromeOptions: {androidPackage: com.android.chrome, args: [--remote-allow-origins=*], extensions: []}, platformName: ANDROID, platformVersion: 12, udid: 509ead11022}}]
Capabilities {automationName: UiAutomator2, browserName: chrome, chromedriverExecutable: C:\Users\Praveen B\Desktop\..., deviceName: "Redmi Note 12", goog:chromeOptions: {androidPackage: com.android.chrome, args: [--remote-allow-origins=*], extensions: []}, platformName: ANDROID, platformVersion: 12, udid: 509ead11022}
at org.openqa.selenium.remote.ProtocolHandshake.createSession(ProtocolHandshake.java:148)
at io.appium.java_client.remote.AppiumProtocolHandshake.createSession(AppiumProtocolHandshake.java:133)
at io.appium.java_client.remote.AppiumProtocolHandshake.createSession(AppiumProtocolHandshake.java:102)
at io.appium.java_client.remote.AppiumCommandExecutor.createSession(AppiumCommandExecutor.java:194)
at io.appium.java_client.remote.AppiumCommandExecutor.execute(AppiumCommandExecutor.java:262)
at org.openqa.selenium.remote.RemoteWebDriver.execute(RemoteWebDriver.java:543)
at io.appium.java_client.AppiumDriver.startSession(AppiumDriver.java:229)
at org.openqa.selenium.remote.RemoteWebDriver.<init>(RemoteWebDriver.java:157)
at io.appium.java_client.AppiumDriver.<init>(AppiumDriver.java:80)
at io.appium.java_client.AppiumDriver.<init>(AppiumDriver.java:92)
at io.appium.java_client.android.AndroidDriver.<init>(AndroidDriver.java:117)
at com.qa.bk.genericUtility.DriverManager.initializeDriver(DriverManager.java:85)
at com.qa.bk.genericUtility.BaseClass.setUp(BaseClass.java:50)
at java.base/java.util.ArrayList.forEach(ArrayList.java:1511)
... Removed 29 stack frames]]>
    </failure>
  </testcase> <!-- @BeforeClass setUp -->
  <testcase classname="com.qa.bk.genericUtility.BaseClass" name="@AfterMethod am" time="-1.736501946794E9">
    <skipped/>
  </testcase> <!-- @AfterMethod am -->
  <testcase classname="com.qa.bk.genericUtility.BaseClass" name="@AfterMethod am" time="-1.736501946799E9">
    <skipped/>
  </testcase> <!-- @AfterMethod am -->
  <testcase classname="com.qa.bk.genericUtility.BaseClass" name="@AfterMethod am" time="-1.736501946806E9">
    <skipped/>
  </testcase> <!-- @AfterMethod am -->
  <testcase classname="com.qa.bk.genericUtility.BaseClass" name="@AfterMethod am" time="-1.73650194681E9">
    <skipped/>
  </testcase> <!-- @AfterMethod am -->
  <testcase classname="com.qa.bk.genericUtility.BaseClass" name="@AfterClass ac" time="-1.736501946812E9">
    <skipped/>
  </testcase> <!-- @AfterClass ac -->
  <testcase classname="com.qa.bk.DesktopModule.PLPTest" name="Validate_Filter_Functionality" time="0.0">
    <skipped/>
  </testcase> <!-- Validate_Filter_Functionality -->
  <testcase classname="com.qa.bk.DesktopModule.PLPTest" name="Validate_Sort_Functionality" time="0.0">
    <skipped/>
  </testcase> <!-- Validate_Sort_Functionality -->
  <testcase classname="com.qa.bk.DesktopModule.PLPTest" name="Verify_ProductName_Data_Integrity" time="0.0">
    <skipped/>
  </testcase> <!-- Verify_ProductName_Data_Integrity -->
  <testcase classname="com.qa.bk.DesktopModule.PLPTest" name="Verify_Product_Data_Integrity_On_PLP_PDP_and_Cart" time="0.0">
    <skipped/>
  </testcase> <!-- Verify_Product_Data_Integrity_On_PLP_PDP_and_Cart -->
</testsuite> <!-- BewakoofTest -->
