<?xml version="1.0" encoding="UTF-8"?>
<!-- Generated by org.testng.reporters.JUnitXMLReporter -->
<testsuite ignored="0" hostname="TYSS-Praveen" failures="0" tests="4" name="BewakoofTest" time="59.433" errors="0" timestamp="2024-12-25T20:45:34 IST">
  <testcase classname="com.qa.bk.DesktopModule.PLPTest" name="Validate_Filter_Functionality" time="9.906"/>
  <testcase classname="com.qa.bk.DesktopModule.PLPTest" name="Validate_Sort_Functionality" time="21.922"/>
  <testcase classname="com.qa.bk.DesktopModule.PLPTest" name="Verify_ProductName_Data_Integrity" time="0.643"/>
  <testcase classname="com.qa.bk.DesktopModule.PLPTest" name="Verify_Product_Data_Integrity_On_PLP_PDP_and_Cart" time="8.648"/>
</testsuite> <!-- BewakoofTest -->
